<?xml version="1.0" encoding="UTF-8"?>
<!-- Generated by org.testng.reporters.JUnitReportReporter -->
<testsuite hostname="inlen8520086981" failures="0" tests="1" name="Testcases.wonderlegal1_test" time="80.604" errors="0" timestamp="2024-03-20T17:45:34 IST" skipped="0">
  <testcase classname="Testcases.wonderlegal1_test" name="WonderLegal1" time="80.604"/>
  <system-out/>
</testsuite> <!-- Testcases.wonderlegal1_test -->
