<?xml version="1.0" encoding="UTF-8"?>
<!-- Generated by org.testng.reporters.JUnitReportReporter -->
<testsuite hostname="inlen8520086981" failures="0" tests="1" name="Testcases.NoBrokertest" time="57.282" errors="0" timestamp="2024-02-26T09:38:07 IST" skipped="0">
  <testcase classname="Testcases.NoBrokertest" name="NoBroker_test" time="57.282"/>
  <system-out/>
</testsuite> <!-- Testcases.NoBrokertest -->
