<?xml version="1.0" encoding="UTF-8"?>
<!-- Generated by org.testng.reporters.JUnitReportReporter -->
<testsuite hostname="inlen8520086981" failures="0" tests="1" name="Testcases.Nestaway_Test" time="61.446" errors="0" timestamp="2024-03-11T09:47:03 IST" skipped="0">
  <testcase classname="Testcases.Nestaway_Test" name="nestaway" time="61.446"/>
  <system-out/>
</testsuite> <!-- Testcases.Nestaway_Test -->
