<?xml version="1.0" encoding="UTF-8"?>
<!-- Generated by org.testng.reporters.JUnitReportReporter -->
<testsuite hostname="inlen8520086981" failures="0" tests="1" name="Testcases.ShopPretest" time="39.555" errors="0" timestamp="2024-03-04T12:28:16 IST" skipped="0">
  <testcase classname="Testcases.ShopPretest" name="shoppre_test" time="39.555"/>
  <system-out/>
</testsuite> <!-- Testcases.ShopPretest -->
