<?xml version="1.0" encoding="UTF-8"?>
<!-- Generated by org.testng.reporters.JUnitReportReporter -->
<testsuite hostname="inlen8520086981" failures="0" tests="1" name="Testcases.Magento_Test" time="72.501" errors="0" timestamp="2024-04-19T15:11:09 IST" skipped="0">
  <testcase classname="Testcases.Magento_Test" name="Magento1" time="72.501"/>
  <system-out/>
</testsuite> <!-- Testcases.Magento_Test -->
