<?xml version="1.0" encoding="UTF-8"?>
<!-- Generated by org.testng.reporters.JUnitReportReporter -->
<testsuite hostname="inlen8520086981" failures="0" tests="1" name="Testcases.Noida_oyotest" time="30.521" errors="0" timestamp="2024-03-04T16:02:53 IST" skipped="0">
  <testcase classname="Testcases.Noida_oyotest" name="Oyo_Test" time="30.521"/>
  <system-out/>
</testsuite> <!-- Testcases.Noida_oyotest -->
