<?xml version="1.0" encoding="UTF-8"?>
<!-- Generated by org.testng.reporters.JUnitReportReporter -->
<testsuite hostname="inlen8520086981" failures="0" tests="1" name="Testcases.Industrytest" time="39.878" errors="0" timestamp="2024-03-04T11:36:46 IST" skipped="0">
  <testcase classname="Testcases.Industrytest" name="Industry_test" time="39.878"/>
  <system-out/>
</testsuite> <!-- Testcases.Industrytest -->
