<?xml version="1.0" encoding="UTF-8"?>
<!-- Generated by org.testng.reporters.JUnitReportReporter -->
<testsuite hostname="inlen8520086981" failures="0" tests="1" name="Testcases.Nodia_oyotest" time="1.519" errors="0" timestamp="2024-02-28T15:09:52 IST" skipped="0">
  <testcase classname="Testcases.Nodia_oyotest" name="Oyo_Test" time="1.519"/>
  <system-out/>
</testsuite> <!-- Testcases.Nodia_oyotest -->
