<?xml version="1.0" encoding="UTF-8"?>
<!-- Generated by org.testng.reporters.JUnitReportReporter -->
<testsuite hostname="inlen8520086981" failures="0" tests="1" name="Testcases.NoBrokerRentalAgreementtest" time="64.276" errors="0" timestamp="2024-03-04T12:08:49 IST" skipped="0">
  <testcase classname="Testcases.NoBrokerRentalAgreementtest" name="NoBroker_test" time="64.276"/>
  <system-out/>
</testsuite> <!-- Testcases.NoBrokerRentalAgreementtest -->
