<?xml version="1.0" encoding="UTF-8"?>
<!-- Generated by org.testng.reporters.JUnitReportReporter -->
<testsuite hostname="inlen8520086981" failures="0" tests="1" name="Testcases.codebeautify_test" time="132.345" errors="0" timestamp="2024-03-13T16:55:08 IST" skipped="0">
  <testcase classname="Testcases.codebeautify_test" name="codebeautifytest" time="132.345"/>
  <system-out/>
</testsuite> <!-- Testcases.codebeautify_test -->
