<?xml version="1.0" encoding="UTF-8"?>
<!-- Generated by org.testng.reporters.JUnitReportReporter -->
<testsuite hostname="inlen8520086981" failures="0" tests="1" name="Testcases.Demowebshop_test" time="27.347" errors="0" timestamp="2024-03-19T12:13:16 IST" skipped="0">
  <testcase classname="Testcases.Demowebshop_test" name="demowebshop" time="27.347"/>
  <system-out/>
</testsuite> <!-- Testcases.Demowebshop_test -->
