<?xml version="1.0" encoding="UTF-8"?>
<!-- Generated by org.testng.reporters.JUnitReportReporter -->
<testsuite hostname="inlen8520086981" failures="0" tests="1" name="Testcases.wonderlegal_test" time="81.887" errors="0" timestamp="2024-03-15T16:10:16 IST" skipped="0">
  <testcase classname="Testcases.wonderlegal_test" name="WonderLegal" time="81.887"/>
  <system-out/>
</testsuite> <!-- Testcases.wonderlegal_test -->
