<?xml version="1.0" encoding="UTF-8"?>
<!-- Generated by org.testng.reporters.JUnitReportReporter -->
<testsuite hostname="inlen8520086981" failures="0" tests="1" name="Testcases.AbhiBustest" time="23.413" errors="0" timestamp="2024-03-04T17:22:12 IST" skipped="0">
  <testcase classname="Testcases.AbhiBustest" name="Abhibus_test" time="23.413"/>
  <system-out/>
</testsuite> <!-- Testcases.AbhiBustest -->
